<?xml version="1.0" encoding="UTF-8"?>
<coverage generated="1401737034">
  <project timestamp="1401737034">
    <package name="Admin">
      <file name="/vagrant/module/Admin/Module.php">
        <class name="Module" namespace="Admin">
          <metrics methods="2" coveredmethods="2" conditionals="0" coveredconditionals="0" statements="7" coveredstatements="7" elements="9" coveredelements="9"/>
        </class>
        <line num="7" type="method" name="getAutoloaderConfig" crap="1" count="14"/>
        <line num="10" type="stmt" count="14"/>
        <line num="11" type="stmt" count="14"/>
        <line num="14" type="stmt" count="14"/>
        <line num="15" type="stmt" count="14"/>
        <line num="16" type="stmt" count="14"/>
        <line num="17" type="stmt" count="14"/>
        <line num="20" type="method" name="getConfig" crap="1" count="14"/>
        <line num="21" type="stmt" count="14"/>
        <metrics loc="43" ncloc="25" classes="1" methods="2" coveredmethods="2" conditionals="0" coveredconditionals="0" statements="7" coveredstatements="7" elements="9" coveredelements="9"/>
      </file>
    </package>
    <file name="/vagrant/module/Admin/autoload_classmap.php">
      <line num="2" type="stmt" count="1"/>
      <metrics loc="1" ncloc="1" classes="0" methods="0" coveredmethods="0" conditionals="0" coveredconditionals="0" statements="0" coveredstatements="0" elements="0" coveredelements="0"/>
    </file>
    <file name="/vagrant/module/Admin/config/module.config.php">
      <line num="10" type="stmt" count="14"/>
      <line num="11" type="stmt" count="14"/>
      <line num="12" type="stmt" count="14"/>
      <line num="16" type="stmt" count="2"/>
      <line num="17" type="stmt" count="14"/>
      <line num="19" type="stmt" count="6"/>
      <line num="20" type="stmt" count="6"/>
      <line num="22" type="stmt" count="14"/>
      <line num="23" type="stmt" count="14"/>
      <line num="27" type="stmt" count="14"/>
      <line num="29" type="stmt" count="14"/>
      <line num="31" type="stmt" count="14"/>
      <line num="32" type="stmt" count="14"/>
      <line num="33" type="stmt" count="14"/>
      <line num="35" type="stmt" count="14"/>
      <line num="36" type="stmt" count="14"/>
      <line num="37" type="stmt" count="14"/>
      <line num="40" type="stmt" count="14"/>
      <line num="42" type="stmt" count="14"/>
      <line num="44" type="stmt" count="14"/>
      <line num="45" type="stmt" count="14"/>
      <line num="46" type="stmt" count="14"/>
      <line num="48" type="stmt" count="14"/>
      <line num="49" type="stmt" count="14"/>
      <line num="53" type="stmt" count="14"/>
      <line num="54" type="stmt" count="14"/>
      <line num="55" type="stmt" count="14"/>
      <line num="56" type="stmt" count="14"/>
      <line num="57" type="stmt" count="14"/>
      <line num="58" type="stmt" count="14"/>
      <line num="59" type="stmt" count="14"/>
      <line num="62" type="stmt" count="14"/>
      <line num="63" type="stmt" count="14"/>
      <line num="64" type="stmt" count="14"/>
      <line num="65" type="stmt" count="14"/>
      <metrics loc="65" ncloc="61" classes="0" methods="0" coveredmethods="0" conditionals="0" coveredconditionals="0" statements="35" coveredstatements="35" elements="35" coveredelements="35"/>
    </file>
    <file name="/vagrant/module/Admin/data/test.data.php">
      <line num="12" type="stmt" count="14"/>
      <line num="14" type="stmt" count="14"/>
      <line num="31" type="stmt" count="14"/>
      <line num="33" type="stmt" count="14"/>
      <line num="43" type="stmt" count="14"/>
      <line num="44" type="stmt" count="14"/>
      <line num="45" type="stmt" count="14"/>
      <line num="46" type="stmt" count="14"/>
      <metrics loc="46" ncloc="44" classes="0" methods="0" coveredmethods="0" conditionals="0" coveredconditionals="0" statements="8" coveredstatements="8" elements="8" coveredelements="8"/>
    </file>
    <package name="Admin\Model">
      <file name="/vagrant/module/Admin/src/Admin/Model/User.php">
        <class name="User" namespace="Admin\Model" fullPackage="Model" category="Admin" package="Model">
          <metrics methods="1" coveredmethods="1" conditionals="0" coveredconditionals="0" statements="60" coveredstatements="60" elements="61" coveredelements="61"/>
        </class>
        <line num="60" type="method" name="getInputFilter" crap="2" count="10"/>
        <line num="61" type="stmt" count="10"/>
        <line num="62" type="stmt" count="10"/>
        <line num="63" type="stmt" count="10"/>
        <line num="65" type="stmt" count="10"/>
        <line num="66" type="stmt" count="10"/>
        <line num="67" type="stmt" count="10"/>
        <line num="69" type="stmt" count="10"/>
        <line num="70" type="stmt" count="10"/>
        <line num="71" type="stmt" count="10"/>
        <line num="73" type="stmt" count="10"/>
        <line num="74" type="stmt" count="10"/>
        <line num="75" type="stmt" count="10"/>
        <line num="77" type="stmt" count="10"/>
        <line num="78" type="stmt" count="10"/>
        <line num="79" type="stmt" count="10"/>
        <line num="82" type="stmt" count="10"/>
        <line num="84" type="stmt" count="10"/>
        <line num="85" type="stmt" count="10"/>
        <line num="86" type="stmt" count="10"/>
        <line num="87" type="stmt" count="10"/>
        <line num="88" type="stmt" count="10"/>
        <line num="89" type="stmt" count="10"/>
        <line num="90" type="stmt" count="10"/>
        <line num="92" type="stmt" count="10"/>
        <line num="93" type="stmt" count="10"/>
        <line num="94" type="stmt" count="10"/>
        <line num="96" type="stmt" count="10"/>
        <line num="97" type="stmt" count="10"/>
        <line num="98" type="stmt" count="10"/>
        <line num="99" type="stmt" count="10"/>
        <line num="101" type="stmt" count="10"/>
        <line num="102" type="stmt" count="10"/>
        <line num="103" type="stmt" count="10"/>
        <line num="105" type="stmt" count="10"/>
        <line num="106" type="stmt" count="10"/>
        <line num="107" type="stmt" count="10"/>
        <line num="108" type="stmt" count="10"/>
        <line num="110" type="stmt" count="10"/>
        <line num="111" type="stmt" count="10"/>
        <line num="112" type="stmt" count="10"/>
        <line num="114" type="stmt" count="10"/>
        <line num="115" type="stmt" count="10"/>
        <line num="116" type="stmt" count="10"/>
        <line num="118" type="stmt" count="10"/>
        <line num="119" type="stmt" count="10"/>
        <line num="120" type="stmt" count="10"/>
        <line num="122" type="stmt" count="10"/>
        <line num="123" type="stmt" count="10"/>
        <line num="124" type="stmt" count="10"/>
        <line num="127" type="stmt" count="10"/>
        <line num="129" type="stmt" count="10"/>
        <line num="130" type="stmt" count="10"/>
        <line num="131" type="stmt" count="10"/>
        <line num="132" type="stmt" count="10"/>
        <line num="133" type="stmt" count="10"/>
        <line num="134" type="stmt" count="10"/>
        <line num="135" type="stmt" count="10"/>
        <line num="137" type="stmt" count="10"/>
        <line num="138" type="stmt" count="10"/>
        <line num="140" type="stmt" count="10"/>
        <metrics loc="143" ncloc="110" classes="1" methods="1" coveredmethods="1" conditionals="0" coveredconditionals="0" statements="60" coveredstatements="60" elements="61" coveredelements="61"/>
      </file>
    </package>
    <package name="Admin\Service">
      <file name="/vagrant/module/Admin/src/Admin/Service/Auth.php">
        <class name="Auth" namespace="Admin\Service" fullPackage="Service" category="Admin" package="Service">
          <metrics methods="3" coveredmethods="3" conditionals="0" coveredconditionals="0" statements="23" coveredstatements="23" elements="26" coveredelements="26"/>
        </class>
        <line num="30" type="method" name="__construct" crap="1" count="6"/>
        <line num="31" type="stmt" count="6"/>
        <line num="32" type="stmt" count="6"/>
        <line num="40" type="method" name="authenticate" crap="4" count="5"/>
        <line num="41" type="stmt" count="5"/>
        <line num="42" type="stmt" count="1"/>
        <line num="45" type="stmt" count="4"/>
        <line num="46" type="stmt" count="4"/>
        <line num="47" type="stmt" count="4"/>
        <line num="49" type="stmt" count="4"/>
        <line num="50" type="stmt" count="4"/>
        <line num="51" type="stmt" count="4"/>
        <line num="52" type="stmt" count="4"/>
        <line num="53" type="stmt" count="4"/>
        <line num="54" type="stmt" count="4"/>
        <line num="56" type="stmt" count="4"/>
        <line num="57" type="stmt" count="2"/>
        <line num="61" type="stmt" count="2"/>
        <line num="62" type="stmt" count="2"/>
        <line num="64" type="stmt" count="2"/>
        <line num="72" type="method" name="logout" crap="1" count="1"/>
        <line num="73" type="stmt" count="1"/>
        <line num="74" type="stmt" count="1"/>
        <line num="75" type="stmt" count="1"/>
        <line num="76" type="stmt" count="1"/>
        <line num="77" type="stmt" count="1"/>
        <metrics loc="80" ncloc="51" classes="1" methods="3" coveredmethods="3" conditionals="0" coveredconditionals="0" statements="23" coveredstatements="23" elements="26" coveredelements="26"/>
      </file>
    </package>
    <metrics files="6" loc="378" ncloc="292" classes="3" methods="6" coveredmethods="6" conditionals="0" coveredconditionals="0" statements="133" coveredstatements="133" elements="139" coveredelements="139"/>
  </project>
</coverage>
