<?xml version="1.0" encoding="UTF-8"?>
<coverage generated="1401721245">
  <project timestamp="1401721245">
    <package name="Application">
      <file name="/vagrant/module/Application/Module.php">
        <class name="Module" namespace="Application">
          <metrics methods="3" coveredmethods="2" conditionals="0" coveredconditionals="0" statements="9" coveredstatements="5" elements="12" coveredelements="7"/>
        </class>
        <line num="17" type="method" name="onBootstrap" crap="2" count="0"/>
        <line num="19" type="stmt" count="0"/>
        <line num="20" type="stmt" count="0"/>
        <line num="21" type="stmt" count="0"/>
        <line num="22" type="stmt" count="0"/>
        <line num="24" type="method" name="getConfig" crap="1" count="21"/>
        <line num="26" type="stmt" count="21"/>
        <line num="29" type="method" name="getAutoloaderConfig" crap="1" count="21"/>
        <line num="34" type="stmt" count="21"/>
        <line num="35" type="stmt" count="21"/>
        <line num="36" type="stmt" count="21"/>
        <line num="37" type="stmt" count="21"/>
        <metrics loc="39" ncloc="32" classes="1" methods="3" coveredmethods="2" conditionals="0" coveredconditionals="0" statements="9" coveredstatements="5" elements="12" coveredelements="7"/>
      </file>
    </package>
    <file name="/vagrant/module/Application/config/module.config.php">
      <line num="14" type="stmt" count="21"/>
      <line num="16" type="stmt" count="21"/>
      <line num="18" type="stmt" count="21"/>
      <line num="19" type="stmt" count="21"/>
      <line num="20" type="stmt" count="21"/>
      <line num="21" type="stmt" count="21"/>
      <line num="22" type="stmt" count="21"/>
      <line num="28" type="stmt" count="21"/>
      <line num="30" type="stmt" count="21"/>
      <line num="32" type="stmt" count="21"/>
      <line num="33" type="stmt" count="21"/>
      <line num="34" type="stmt" count="21"/>
      <line num="35" type="stmt" count="21"/>
      <line num="36" type="stmt" count="21"/>
      <line num="37" type="stmt" count="21"/>
      <line num="40" type="stmt" count="21"/>
      <line num="42" type="stmt" count="21"/>
      <line num="44" type="stmt" count="21"/>
      <line num="45" type="stmt" count="21"/>
      <line num="47" type="stmt" count="21"/>
      <line num="49" type="stmt" count="21"/>
      <line num="50" type="stmt" count="21"/>
      <line num="51" type="stmt" count="21"/>
      <line num="53" type="stmt" count="21"/>
      <line num="55" type="stmt" count="21"/>
      <line num="57" type="stmt" count="21"/>
      <line num="58" type="stmt" count="21"/>
      <line num="59" type="stmt" count="21"/>
      <line num="60" type="stmt" count="21"/>
      <line num="62" type="stmt" count="21"/>
      <line num="63" type="stmt" count="21"/>
      <line num="65" type="stmt" count="21"/>
      <line num="66" type="stmt" count="21"/>
      <line num="67" type="stmt" count="21"/>
      <line num="68" type="stmt" count="21"/>
      <line num="69" type="stmt" count="21"/>
      <line num="70" type="stmt" count="21"/>
      <line num="73" type="stmt" count="21"/>
      <line num="74" type="stmt" count="21"/>
      <line num="75" type="stmt" count="21"/>
      <line num="77" type="stmt" count="21"/>
      <line num="78" type="stmt" count="21"/>
      <line num="79" type="stmt" count="21"/>
      <line num="81" type="stmt" count="21"/>
      <line num="84" type="stmt" count="21"/>
      <line num="85" type="stmt" count="21"/>
      <line num="86" type="stmt" count="21"/>
      <line num="87" type="stmt" count="21"/>
      <line num="88" type="stmt" count="21"/>
      <line num="89" type="stmt" count="21"/>
      <line num="93" type="stmt" count="21"/>
      <line num="94" type="stmt" count="21"/>
      <line num="96" type="stmt" count="21"/>
      <line num="97" type="stmt" count="21"/>
      <line num="98" type="stmt" count="21"/>
      <line num="99" type="stmt" count="21"/>
      <line num="100" type="stmt" count="21"/>
      <line num="102" type="stmt" count="21"/>
      <line num="103" type="stmt" count="21"/>
      <line num="104" type="stmt" count="21"/>
      <line num="105" type="stmt" count="21"/>
      <line num="106" type="stmt" count="21"/>
      <line num="108" type="stmt" count="21"/>
      <line num="109" type="stmt" count="21"/>
      <line num="110" type="stmt" count="21"/>
      <line num="115" type="stmt" count="21"/>
      <line num="116" type="stmt" count="21"/>
      <line num="117" type="stmt" count="21"/>
      <line num="118" type="stmt" count="21"/>
      <metrics loc="118" ncloc="101" classes="0" methods="0" coveredmethods="0" conditionals="0" coveredconditionals="0" statements="69" coveredstatements="69" elements="69" coveredelements="69"/>
    </file>
    <file name="/vagrant/module/Application/data/test.data.php">
      <line num="11" type="stmt" count="21"/>
      <line num="13" type="stmt" count="21"/>
      <line num="30" type="stmt" count="21"/>
      <line num="32" type="stmt" count="21"/>
      <line num="33" type="stmt" count="21"/>
      <metrics loc="32" ncloc="32" classes="0" methods="0" coveredmethods="0" conditionals="0" coveredconditionals="0" statements="4" coveredstatements="4" elements="4" coveredelements="4"/>
    </file>
    <package name="Application\Controller">
      <file name="/vagrant/module/Application/src/Application/Controller/IndexController.php">
        <class name="IndexController" namespace="Application\Controller" fullPackage="Controller" category="Application" package="Controller">
          <metrics methods="2" coveredmethods="2" conditionals="0" coveredconditionals="0" statements="20" coveredstatements="20" elements="22" coveredelements="22"/>
        </class>
        <line num="23" type="method" name="indexAction" crap="1" count="2"/>
        <line num="24" type="stmt" count="2"/>
        <line num="25" type="stmt" count="2"/>
        <line num="26" type="stmt" count="2"/>
        <line num="28" type="stmt" count="2"/>
        <line num="29" type="stmt" count="2"/>
        <line num="31" type="stmt" count="2"/>
        <line num="33" type="stmt" count="2"/>
        <line num="35" type="stmt" count="2"/>
        <line num="38" type="method" name="postAction" crap="2" count="3"/>
        <line num="39" type="stmt" count="3"/>
        <line num="40" type="stmt" count="3"/>
        <line num="41" type="stmt" count="1"/>
        <line num="43" type="stmt" count="2"/>
        <line num="44" type="stmt" count="2"/>
        <line num="45" type="stmt" count="1"/>
        <line num="46" type="stmt" count="1"/>
        <line num="47" type="stmt" count="1"/>
        <line num="48" type="stmt" count="1"/>
        <line num="49" type="stmt" count="1"/>
        <line num="51" type="stmt" count="1"/>
        <line num="53" type="stmt" count="1"/>
        <metrics loc="56" ncloc="43" classes="1" methods="2" coveredmethods="2" conditionals="0" coveredconditionals="0" statements="20" coveredstatements="20" elements="22" coveredelements="22"/>
      </file>
    </package>
    <package name="Application\Model">
      <file name="/vagrant/module/Application/src/Application/Model/Comment.php">
        <class name="Comment" namespace="Application\Model" fullPackage="Model" category="Application" package="Model">
          <metrics methods="1" coveredmethods="1" conditionals="0" coveredconditionals="0" statements="70" coveredstatements="70" elements="71" coveredelements="71"/>
        </class>
        <line num="65" type="method" name="getInputFilter" crap="2" count="8"/>
        <line num="66" type="stmt" count="8"/>
        <line num="67" type="stmt" count="8"/>
        <line num="68" type="stmt" count="8"/>
        <line num="70" type="stmt" count="8"/>
        <line num="71" type="stmt" count="8"/>
        <line num="72" type="stmt" count="8"/>
        <line num="74" type="stmt" count="8"/>
        <line num="75" type="stmt" count="8"/>
        <line num="76" type="stmt" count="8"/>
        <line num="78" type="stmt" count="8"/>
        <line num="79" type="stmt" count="8"/>
        <line num="80" type="stmt" count="8"/>
        <line num="82" type="stmt" count="8"/>
        <line num="83" type="stmt" count="8"/>
        <line num="84" type="stmt" count="8"/>
        <line num="86" type="stmt" count="8"/>
        <line num="87" type="stmt" count="8"/>
        <line num="88" type="stmt" count="8"/>
        <line num="90" type="stmt" count="8"/>
        <line num="91" type="stmt" count="8"/>
        <line num="92" type="stmt" count="8"/>
        <line num="93" type="stmt" count="8"/>
        <line num="95" type="stmt" count="8"/>
        <line num="96" type="stmt" count="8"/>
        <line num="97" type="stmt" count="8"/>
        <line num="99" type="stmt" count="8"/>
        <line num="100" type="stmt" count="8"/>
        <line num="101" type="stmt" count="8"/>
        <line num="104" type="stmt" count="8"/>
        <line num="105" type="stmt" count="8"/>
        <line num="106" type="stmt" count="8"/>
        <line num="107" type="stmt" count="8"/>
        <line num="109" type="stmt" count="8"/>
        <line num="110" type="stmt" count="8"/>
        <line num="111" type="stmt" count="8"/>
        <line num="113" type="stmt" count="8"/>
        <line num="114" type="stmt" count="8"/>
        <line num="115" type="stmt" count="8"/>
        <line num="118" type="stmt" count="8"/>
        <line num="120" type="stmt" count="8"/>
        <line num="121" type="stmt" count="8"/>
        <line num="122" type="stmt" count="8"/>
        <line num="123" type="stmt" count="8"/>
        <line num="124" type="stmt" count="8"/>
        <line num="125" type="stmt" count="8"/>
        <line num="126" type="stmt" count="8"/>
        <line num="128" type="stmt" count="8"/>
        <line num="129" type="stmt" count="8"/>
        <line num="130" type="stmt" count="8"/>
        <line num="132" type="stmt" count="8"/>
        <line num="133" type="stmt" count="8"/>
        <line num="134" type="stmt" count="8"/>
        <line num="137" type="stmt" count="8"/>
        <line num="139" type="stmt" count="8"/>
        <line num="140" type="stmt" count="8"/>
        <line num="141" type="stmt" count="8"/>
        <line num="142" type="stmt" count="8"/>
        <line num="143" type="stmt" count="8"/>
        <line num="144" type="stmt" count="8"/>
        <line num="145" type="stmt" count="8"/>
        <line num="147" type="stmt" count="8"/>
        <line num="148" type="stmt" count="8"/>
        <line num="149" type="stmt" count="8"/>
        <line num="151" type="stmt" count="8"/>
        <line num="152" type="stmt" count="8"/>
        <line num="153" type="stmt" count="8"/>
        <line num="154" type="stmt" count="8"/>
        <line num="156" type="stmt" count="8"/>
        <line num="157" type="stmt" count="8"/>
        <line num="159" type="stmt" count="8"/>
        <metrics loc="162" ncloc="126" classes="1" methods="1" coveredmethods="1" conditionals="0" coveredconditionals="0" statements="70" coveredstatements="70" elements="71" coveredelements="71"/>
      </file>
      <file name="/vagrant/module/Application/src/Application/Model/Post.php">
        <class name="Post" namespace="Application\Model" fullPackage="Model" category="Application" package="Model">
          <metrics methods="1" coveredmethods="1" conditionals="0" coveredconditionals="0" statements="40" coveredstatements="40" elements="41" coveredelements="41"/>
        </class>
        <line num="50" type="method" name="getInputFilter" crap="2" count="13"/>
        <line num="51" type="stmt" count="13"/>
        <line num="52" type="stmt" count="13"/>
        <line num="53" type="stmt" count="13"/>
        <line num="55" type="stmt" count="13"/>
        <line num="56" type="stmt" count="13"/>
        <line num="57" type="stmt" count="13"/>
        <line num="59" type="stmt" count="13"/>
        <line num="60" type="stmt" count="13"/>
        <line num="61" type="stmt" count="13"/>
        <line num="63" type="stmt" count="13"/>
        <line num="64" type="stmt" count="13"/>
        <line num="65" type="stmt" count="13"/>
        <line num="67" type="stmt" count="13"/>
        <line num="68" type="stmt" count="13"/>
        <line num="69" type="stmt" count="13"/>
        <line num="72" type="stmt" count="13"/>
        <line num="74" type="stmt" count="13"/>
        <line num="75" type="stmt" count="13"/>
        <line num="76" type="stmt" count="13"/>
        <line num="77" type="stmt" count="13"/>
        <line num="78" type="stmt" count="13"/>
        <line num="79" type="stmt" count="13"/>
        <line num="80" type="stmt" count="13"/>
        <line num="82" type="stmt" count="13"/>
        <line num="83" type="stmt" count="13"/>
        <line num="84" type="stmt" count="13"/>
        <line num="86" type="stmt" count="13"/>
        <line num="87" type="stmt" count="13"/>
        <line num="88" type="stmt" count="13"/>
        <line num="89" type="stmt" count="13"/>
        <line num="91" type="stmt" count="13"/>
        <line num="92" type="stmt" count="13"/>
        <line num="93" type="stmt" count="13"/>
        <line num="95" type="stmt" count="13"/>
        <line num="96" type="stmt" count="13"/>
        <line num="97" type="stmt" count="13"/>
        <line num="98" type="stmt" count="13"/>
        <line num="100" type="stmt" count="13"/>
        <line num="101" type="stmt" count="13"/>
        <line num="103" type="stmt" count="13"/>
        <metrics loc="106" ncloc="79" classes="1" methods="1" coveredmethods="1" conditionals="0" coveredconditionals="0" statements="40" coveredstatements="40" elements="41" coveredelements="41"/>
      </file>
    </package>
    <metrics files="6" loc="513" ncloc="413" classes="4" methods="7" coveredmethods="6" conditionals="0" coveredconditionals="0" statements="212" coveredstatements="208" elements="219" coveredelements="214"/>
  </project>
</coverage>
